mode: set
github.com/cloudfoundry/buildpacks-ci/cve-notification-app/actions/find-new-cves/entrypoint/find_new_cves.go:22.13,30.16 3 0
github.com/cloudfoundry/buildpacks-ci/cve-notification-app/actions/find-new-cves/entrypoint/find_new_cves.go:34.2,42.16 3 0
github.com/cloudfoundry/buildpacks-ci/cve-notification-app/actions/find-new-cves/entrypoint/find_new_cves.go:46.2,46.22 1 0
github.com/cloudfoundry/buildpacks-ci/cve-notification-app/actions/find-new-cves/entrypoint/find_new_cves.go:30.16,32.3 1 0
github.com/cloudfoundry/buildpacks-ci/cve-notification-app/actions/find-new-cves/entrypoint/find_new_cves.go:42.16,44.3 1 0
github.com/cloudfoundry/buildpacks-ci/cve-notification-app/actions/find-new-cves/entrypoint/find_new_cves.go:49.72,54.16 3 1
github.com/cloudfoundry/buildpacks-ci/cve-notification-app/actions/find-new-cves/entrypoint/find_new_cves.go:58.2,61.16 3 1
github.com/cloudfoundry/buildpacks-ci/cve-notification-app/actions/find-new-cves/entrypoint/find_new_cves.go:65.2,65.49 1 1
github.com/cloudfoundry/buildpacks-ci/cve-notification-app/actions/find-new-cves/entrypoint/find_new_cves.go:104.2,105.16 2 1
github.com/cloudfoundry/buildpacks-ci/cve-notification-app/actions/find-new-cves/entrypoint/find_new_cves.go:109.2,109.13 1 1
github.com/cloudfoundry/buildpacks-ci/cve-notification-app/actions/find-new-cves/entrypoint/find_new_cves.go:116.2,116.21 1 0
github.com/cloudfoundry/buildpacks-ci/cve-notification-app/actions/find-new-cves/entrypoint/find_new_cves.go:54.16,56.3 1 0
github.com/cloudfoundry/buildpacks-ci/cve-notification-app/actions/find-new-cves/entrypoint/find_new_cves.go:61.16,63.3 1 0
github.com/cloudfoundry/buildpacks-ci/cve-notification-app/actions/find-new-cves/entrypoint/find_new_cves.go:65.49,67.17 2 1
github.com/cloudfoundry/buildpacks-ci/cve-notification-app/actions/find-new-cves/entrypoint/find_new_cves.go:71.3,71.48 1 1
github.com/cloudfoundry/buildpacks-ci/cve-notification-app/actions/find-new-cves/entrypoint/find_new_cves.go:67.17,69.4 1 0
github.com/cloudfoundry/buildpacks-ci/cve-notification-app/actions/find-new-cves/entrypoint/find_new_cves.go:71.48,73.18 2 1
github.com/cloudfoundry/buildpacks-ci/cve-notification-app/actions/find-new-cves/entrypoint/find_new_cves.go:77.4,77.15 1 1
github.com/cloudfoundry/buildpacks-ci/cve-notification-app/actions/find-new-cves/entrypoint/find_new_cves.go:73.18,75.5 1 0
github.com/cloudfoundry/buildpacks-ci/cve-notification-app/actions/find-new-cves/entrypoint/find_new_cves.go:77.15,90.19 3 1
github.com/cloudfoundry/buildpacks-ci/cve-notification-app/actions/find-new-cves/entrypoint/find_new_cves.go:94.5,95.19 2 1
github.com/cloudfoundry/buildpacks-ci/cve-notification-app/actions/find-new-cves/entrypoint/find_new_cves.go:99.5,99.19 1 1
github.com/cloudfoundry/buildpacks-ci/cve-notification-app/actions/find-new-cves/entrypoint/find_new_cves.go:90.19,92.6 1 0
github.com/cloudfoundry/buildpacks-ci/cve-notification-app/actions/find-new-cves/entrypoint/find_new_cves.go:95.19,97.6 1 0
github.com/cloudfoundry/buildpacks-ci/cve-notification-app/actions/find-new-cves/entrypoint/find_new_cves.go:105.16,107.3 1 0
github.com/cloudfoundry/buildpacks-ci/cve-notification-app/actions/find-new-cves/entrypoint/find_new_cves.go:109.13,111.17 2 1
github.com/cloudfoundry/buildpacks-ci/cve-notification-app/actions/find-new-cves/entrypoint/find_new_cves.go:111.17,113.4 1 1
github.com/cloudfoundry/buildpacks-ci/cve-notification-app/actions/find-new-cves/entrypoint/find_new_cves.go:119.69,124.16 3 1
github.com/cloudfoundry/buildpacks-ci/cve-notification-app/actions/find-new-cves/entrypoint/find_new_cves.go:128.2,131.16 3 1
github.com/cloudfoundry/buildpacks-ci/cve-notification-app/actions/find-new-cves/entrypoint/find_new_cves.go:135.2,135.27 1 1
github.com/cloudfoundry/buildpacks-ci/cve-notification-app/actions/find-new-cves/entrypoint/find_new_cves.go:139.2,140.16 2 1
github.com/cloudfoundry/buildpacks-ci/cve-notification-app/actions/find-new-cves/entrypoint/find_new_cves.go:144.2,145.16 2 0
github.com/cloudfoundry/buildpacks-ci/cve-notification-app/actions/find-new-cves/entrypoint/find_new_cves.go:149.2,150.16 2 0
github.com/cloudfoundry/buildpacks-ci/cve-notification-app/actions/find-new-cves/entrypoint/find_new_cves.go:154.2,154.12 1 0
github.com/cloudfoundry/buildpacks-ci/cve-notification-app/actions/find-new-cves/entrypoint/find_new_cves.go:124.16,126.3 1 0
github.com/cloudfoundry/buildpacks-ci/cve-notification-app/actions/find-new-cves/entrypoint/find_new_cves.go:131.16,133.3 1 0
github.com/cloudfoundry/buildpacks-ci/cve-notification-app/actions/find-new-cves/entrypoint/find_new_cves.go:135.27,137.3 1 0
github.com/cloudfoundry/buildpacks-ci/cve-notification-app/actions/find-new-cves/entrypoint/find_new_cves.go:140.16,142.3 1 1
github.com/cloudfoundry/buildpacks-ci/cve-notification-app/actions/find-new-cves/entrypoint/find_new_cves.go:145.16,147.3 1 0
github.com/cloudfoundry/buildpacks-ci/cve-notification-app/actions/find-new-cves/entrypoint/find_new_cves.go:150.16,152.3 1 0
